[debug] [2018-08-27T09:22:03.061Z] ----------------------------------------------------------------------
[debug] [2018-08-27T09:22:03.061Z] Command:       C:\Program Files\nodejs\node.exe C:\Users\Dell\AppData\Roaming\npm\node_modules\firebase-tools\bin\firebase serve
[debug] [2018-08-27T09:22:03.061Z] CLI Version:   4.2.0
[debug] [2018-08-27T09:22:03.061Z] Platform:      win32
[debug] [2018-08-27T09:22:03.061Z] Node Version:  v8.9.1
[debug] [2018-08-27T09:22:03.061Z] Time:          Mon Aug 27 2018 12:22:03 GMT+0300 (RTZ 2 (зима))
[debug] [2018-08-27T09:22:03.061Z] ----------------------------------------------------------------------
[debug] 
[debug] [2018-08-27T09:22:03.061Z] > command requires scopes: ["email","openid","https://www.googleapis.com/auth/cloudplatformprojects.readonly","https://www.googleapis.com/auth/firebase","https://www.googleapis.com/auth/cloud-platform"]
[debug] [2018-08-27T09:22:03.061Z] > authorizing via signed-in user
[debug] [2018-08-27T09:22:03.061Z] > refreshing access token with scopes: ["email","https://www.googleapis.com/auth/cloud-platform","https://www.googleapis.com/auth/cloudplatformprojects.readonly","https://www.googleapis.com/auth/firebase","openid"]
[debug] [2018-08-27T09:22:03.061Z] >>> HTTP REQUEST POST https://www.googleapis.com/oauth2/v3/token  

[debug] [2018-08-27T09:22:03.498Z] <<< HTTP RESPONSE 200
[debug] [2018-08-27T09:22:03.545Z] >>> HTTP REQUEST GET https://admin.firebase.com/v1/projects/weather-a5970  
 
[debug] [2018-08-27T09:22:04.467Z] <<< HTTP RESPONSE 200
[debug] [2018-08-27T09:22:04.467Z] >>> HTTP REQUEST GET https://cloudresourcemanager.googleapis.com/v1/projects/weather-a5970  
 
[debug] [2018-08-27T09:22:05.545Z] <<< HTTP RESPONSE 200
[info] 
[info] === Serving from 'C:\Users\Dell\WebstormProjects\Angular2\PWA\forecast'...
[info] 
[info] i  functions: Preparing to emulate functions.
[debug] [2018-08-27T09:22:06.639Z] Fetching environment
[debug] [2018-08-27T09:22:06.639Z] >>> HTTP REQUEST GET https://mobilesdk-pa.googleapis.com/v1/projects/236900823686:getServerAppConfig  
 
[debug] [2018-08-27T09:22:06.639Z] >>> HTTP REQUEST GET https://mobilesdk-pa.googleapis.com/v1/projects/236900823686/clients/_:getWebAppConfig  
 
[debug] [2018-08-27T09:22:07.358Z] <<< HTTP RESPONSE 200
[debug] [2018-08-27T09:22:07.389Z] <<< HTTP RESPONSE 200
[debug] [2018-08-27T09:22:07.389Z] Starting @google-cloud/functions-emulator
[info] i  hosting[weather-a5970]: Serving hosting files from: dist
[info] +  hosting[weather-a5970]: Local server: http://localhost:5000
[debug] [2018-08-27T09:22:10.106Z] Parsing function triggers
[info] +  functions: apiKey: http://localhost:5001/weather-a5970/us-central1/apiKey
